# JRE version: Java(TM) SE Runtime Environment (7.0_80-b15) (build 1.7.0_80-b15)
# Java VM: Java HotSpot(TM) 64-Bit Server VM (24.80-b11 mixed mode linux-amd64 compressed oops)
Heap
 PSYoungGen      total 1098240K, used 499310K [0x00000007aca80000, 0x0000000800000000, 0x0000000800000000)
  eden space 854528K, 36% used [0x00000007aca80000,0x00000007bfa538b8,0x00000007e0d00000)
  from space 243712K, 77% used [0x00000007f1200000,0x00000007fc9c8000,0x0000000800000000)
  to   space 255488K, 0% used [0x00000007e0d00000,0x00000007e0d00000,0x00000007f0680000)
 ParOldGen       total 369152K, used 257457K [0x0000000706000000, 0x000000071c880000, 0x00000007aca80000)
  object space 369152K, 69% used [0x0000000706000000,0x0000000715b6c4d0,0x000000071c880000)
 PSPermGen       total 21504K, used 17347K [0x0000000700e00000, 0x0000000702300000, 0x0000000706000000)
  object space 21504K, 80% used [0x0000000700e00000,0x0000000701ef0c48,0x0000000702300000)
GC Heap History (10 events):
Event: 926,721 GC heap before
{Heap before GC invocations=1452 (full 26):
 PSYoungGen      total 1082368K, used 877280K [0x00000007aca80000, 0x0000000800000000, 0x0000000800000000)
  eden space 816128K, 100% used [0x00000007aca80000,0x00000007de780000,0x00000007de780000)
  from space 266240K, 22% used [0x00000007de780000,0x00000007e2338000,0x00000007eeb80000)
  to   space 263168K, 0% used [0x00000007eff00000,0x00000007eff00000,0x0000000800000000)
 ParOldGen       total 369152K, used 257457K [0x0000000706000000, 0x000000071c880000, 0x00000007aca80000)
  object space 369152K, 69% used [0x0000000706000000,0x0000000715b6c4d0,0x000000071c880000)
 PSPermGen       total 21504K, used 17347K [0x0000000700e00000, 0x0000000702300000, 0x0000000706000000)
  object space 21504K, 80% used [0x0000000700e00000,0x0000000701ef0c48,0x0000000702300000)
Event: 926,810 GC heap after
Heap after GC invocations=1452 (full 26):
 PSYoungGen      total 1078784K, used 87424K [0x00000007aca80000, 0x00000007fec00000, 0x0000000800000000)
  eden space 836096K, 0% used [0x00000007aca80000,0x00000007aca80000,0x00000007dfb00000)
  from space 242688K, 36% used [0x00000007eff00000,0x00000007f5460000,0x00000007fec00000)
  to   space 254464K, 0% used [0x00000007dfb00000,0x00000007dfb00000,0x00000007ef380000)
 ParOldGen       total 369152K, used 257457K [0x0000000706000000, 0x000000071c880000, 0x00000007aca80000)
  object space 369152K, 69% used [0x0000000706000000,0x0000000715b6c4d0,0x000000071c880000)
 PSPermGen       total 21504K, used 17347K [0x0000000700e00000, 0x0000000702300000, 0x0000000706000000)
  object space 21504K, 80% used [0x0000000700e00000,0x0000000701ef0c48,0x0000000702300000)
}
Event: 932,153 GC heap before
{Heap before GC invocations=1453 (full 26):
 PSYoungGen      total 1078784K, used 923520K [0x00000007aca80000, 0x00000007fec00000, 0x0000000800000000)
  eden space 836096K, 100% used [0x00000007aca80000,0x00000007dfb00000,0x00000007dfb00000)
  from space 242688K, 36% used [0x00000007eff00000,0x00000007f5460000,0x00000007fec00000)
  to   space 254464K, 0% used [0x00000007dfb00000,0x00000007dfb00000,0x00000007ef380000)
 ParOldGen       total 369152K, used 257457K [0x0000000706000000, 0x000000071c880000, 0x00000007aca80000)
  object space 369152K, 69% used [0x0000000706000000,0x0000000715b6c4d0,0x000000071c880000)
 PSPermGen       total 21504K, used 17347K [0x0000000700e00000, 0x0000000702300000, 0x0000000706000000)
  object space 21504K, 80% used [0x0000000700e00000,0x0000000701ef0c48,0x0000000702300000)
Event: 932,268 GC heap after
Heap after GC invocations=1453 (full 26):
 PSYoungGen      total 1090560K, used 114848K [0x00000007aca80000, 0x00000007ff180000, 0x0000000800000000)
  eden space 836096K, 0% used [0x00000007aca80000,0x00000007aca80000,0x00000007dfb00000)
  from space 254464K, 45% used [0x00000007dfb00000,0x00000007e6b28000,0x00000007ef380000)
  to   space 241152K, 0% used [0x00000007f0600000,0x00000007f0600000,0x00000007ff180000)
 ParOldGen       total 369152K, used 257457K [0x0000000706000000, 0x000000071c880000, 0x00000007aca80000)
  object space 369152K, 69% used [0x0000000706000000,0x0000000715b6c4d0,0x000000071c880000)
 PSPermGen       total 21504K, used 17347K [0x0000000700e00000, 0x0000000702300000, 0x0000000706000000)
  object space 21504K, 80% used [0x0000000700e00000,0x0000000701ef0c48,0x0000000702300000)
}
Event: 938,221 GC heap before
{Heap before GC invocations=1454 (full 26):
 PSYoungGen      total 1090560K, used 950944K [0x00000007aca80000, 0x00000007ff180000, 0x0000000800000000)
  eden space 836096K, 100% used [0x00000007aca80000,0x00000007dfb00000,0x00000007dfb00000)
  from space 254464K, 45% used [0x00000007dfb00000,0x00000007e6b28000,0x00000007ef380000)
  to   space 241152K, 0% used [0x00000007f0600000,0x00000007f0600000,0x00000007ff180000)
 ParOldGen       total 369152K, used 257457K [0x0000000706000000, 0x000000071c880000, 0x00000007aca80000)
  object space 369152K, 69% used [0x0000000706000000,0x0000000715b6c4d0,0x000000071c880000)
 PSPermGen       total 21504K, used 17347K [0x0000000700e00000, 0x0000000702300000, 0x0000000706000000)
  object space 21504K, 80% used [0x0000000700e00000,0x0000000701ef0c48,0x0000000702300000)
Event: 938,375 GC heap after
Heap after GC invocations=1454 (full 26):
 PSYoungGen      total 1106432K, used 141952K [0x00000007aca80000, 0x00000007fed00000, 0x0000000800000000)
  eden space 869888K, 0% used [0x00000007aca80000,0x00000007aca80000,0x00000007e1c00000)
  from space 236544K, 60% used [0x00000007f0600000,0x00000007f90a0000,0x00000007fed00000)
  to   space 238080K, 0% used [0x00000007e1c00000,0x00000007e1c00000,0x00000007f0480000)
 ParOldGen       total 369152K, used 257457K [0x0000000706000000, 0x000000071c880000, 0x00000007aca80000)
  object space 369152K, 69% used [0x0000000706000000,0x0000000715b6c4d0,0x000000071c880000)
 PSPermGen       total 21504K, used 17347K [0x0000000700e00000, 0x0000000702300000, 0x0000000706000000)
  object space 21504K, 80% used [0x0000000700e00000,0x0000000701ef0c48,0x0000000702300000)
}
Event: 944,143 GC heap before
{Heap before GC invocations=1455 (full 26):
 PSYoungGen      total 1106432K, used 1011840K [0x00000007aca80000, 0x00000007fed00000, 0x0000000800000000)
  eden space 869888K, 100% used [0x00000007aca80000,0x00000007e1c00000,0x00000007e1c00000)
  from space 236544K, 60% used [0x00000007f0600000,0x00000007f90a0000,0x00000007fed00000)
  to   space 238080K, 0% used [0x00000007e1c00000,0x00000007e1c00000,0x00000007f0480000)
 ParOldGen       total 369152K, used 257457K [0x0000000706000000, 0x000000071c880000, 0x00000007aca80000)
  object space 369152K, 69% used [0x0000000706000000,0x0000000715b6c4d0,0x000000071c880000)
 PSPermGen       total 21504K, used 17347K [0x0000000700e00000, 0x0000000702300000, 0x0000000706000000)
  object space 21504K, 80% used [0x0000000700e00000,0x0000000701ef0c48,0x0000000702300000)
Event: 944,326 GC heap after
Heap after GC invocations=1455 (full 26):
 PSYoungGen      total 1107968K, used 166368K [0x00000007aca80000, 0x0000000800000000, 0x0000000800000000)
  eden space 869888K, 0% used [0x00000007aca80000,0x00000007aca80000,0x00000007e1c00000)
  from space 238080K, 69% used [0x00000007e1c00000,0x00000007ebe78000,0x00000007f0480000)
  to   space 243712K, 0% used [0x00000007f1200000,0x00000007f1200000,0x0000000800000000)
 ParOldGen       total 369152K, used 257457K [0x0000000706000000, 0x000000071c880000, 0x00000007aca80000)
  object space 369152K, 69% used [0x0000000706000000,0x0000000715b6c4d0,0x000000071c880000)
 PSPermGen       total 21504K, used 17347K [0x0000000700e00000, 0x0000000702300000, 0x0000000706000000)
  object space 21504K, 80% used [0x0000000700e00000,0x0000000701ef0c48,0x0000000702300000)
}
Event: 950,676 GC heap before
{Heap before GC invocations=1456 (full 26):
 PSYoungGen      total 1107968K, used 1036256K [0x00000007aca80000, 0x0000000800000000, 0x0000000800000000)
  eden space 869888K, 100% used [0x00000007aca80000,0x00000007e1c00000,0x00000007e1c00000)
  from space 238080K, 69% used [0x00000007e1c00000,0x00000007ebe78000,0x00000007f0480000)
  to   space 243712K, 0% used [0x00000007f1200000,0x00000007f1200000,0x0000000800000000)
 ParOldGen       total 369152K, used 257457K [0x0000000706000000, 0x000000071c880000, 0x00000007aca80000)
  object space 369152K, 69% used [0x0000000706000000,0x0000000715b6c4d0,0x000000071c880000)
 PSPermGen       total 21504K, used 17347K [0x0000000700e00000, 0x0000000702300000, 0x0000000706000000)
  object space 21504K, 80% used [0x0000000700e00000,0x0000000701ef0c48,0x0000000702300000)
Event: 950,925 GC heap after
Heap after GC invocations=1456 (full 26):
 PSYoungGen      total 1098240K, used 188192K [0x00000007aca80000, 0x0000000800000000, 0x0000000800000000)
  eden space 854528K, 0% used [0x00000007aca80000,0x00000007aca80000,0x00000007e0d00000)
  from space 243712K, 77% used [0x00000007f1200000,0x00000007fc9c8000,0x0000000800000000)
  to   space 255488K, 0% used [0x00000007e0d00000,0x00000007e0d00000,0x00000007f0680000)
 ParOldGen       total 369152K, used 257457K [0x0000000706000000, 0x000000071c880000, 0x00000007aca80000)
  object space 369152K, 69% used [0x0000000706000000,0x0000000715b6c4d0,0x000000071c880000)
 PSPermGen       total 21504K, used 17347K [0x0000000700e00000, 0x0000000702300000, 0x0000000706000000)
  object space 21504K, 80% used [0x0000000700e00000,0x0000000701ef0c48,0x0000000702300000)
}

